<?xml version="1.0" encoding="UTF-8"?>
<!-- Generated by org.testng.reporters.JUnitReportReporter -->
<testsuite hostname="192.168.1.3" failures="0" tests="3" name="ITestContext.Sesso1" time="0.006" errors="0" timestamp="2025-06-19T16:55:27 IST" skipped="0">
  <testcase classname="ITestContext.Sesso1" name="setUp" time="0.005"/>
  <testcase classname="ITestContext.Sesso1" name="Logic" time="0.001"/>
  <testcase classname="ITestContext.Sesso1" name="exit" time="0.000"/>
</testsuite> <!-- ITestContext.Sesso1 -->
